<?xml version="1.0" encoding="UTF-8"?>
<!-- Generated by org.testng.reporters.JUnitXMLReporter -->
<testsuite ignored="0" hostname="DESKTOP-83QRFNQ" failures="5" tests="7" name="BankingApp Test" time="55.845" errors="0" timestamp="2021-09-09T02:13:20 IST">
  <testcase classname="com.iNetBankingV1.testCases.loginPage_00" name="loginTest" time="1.297">
    <failure type="java.lang.NullPointerException" message="Cannot invoke &amp;quot;java.util.logging.Logger.info(String)&amp;quot; because &amp;quot;com.iNetBankingV1.testCases.loginPage_00.logger&amp;quot; is null">
      <![CDATA[java.lang.NullPointerException: Cannot invoke "java.util.logging.Logger.info(String)" because "com.iNetBankingV1.testCases.loginPage_00.logger" is null
at com.iNetBankingV1.testCases.loginPage_00.loginTest(loginPage_00.java:48)
at java.base/java.util.ArrayList.forEach(ArrayList.java:1511)
... Removed 27 stack frames]]>
    </failure>
  </testcase> <!-- loginTest -->
  <testcase classname="com.iNetBankingV1.testCases.loginPage_01" name="loginDDT" time="9.598"/>
  <testcase classname="com.iNetBankingV1.testCases.loginPage_01" name="loginDDT" time="5.027">
    <failure type="junit.framework.AssertionFailedError">
      <![CDATA[junit.framework.AssertionFailedError
at junit.framework.Assert.fail(Assert.java:47)
at junit.framework.Assert.assertTrue(Assert.java:20)
at junit.framework.Assert.assertTrue(Assert.java:27)
at com.iNetBankingV1.testCases.loginPage_01.loginDDT(loginPage_01.java:32)
at java.base/java.util.ArrayList.forEach(ArrayList.java:1511)
... Removed 27 stack frames]]>
    </failure>
  </testcase> <!-- loginDDT -->
  <testcase classname="com.iNetBankingV1.testCases.loginPage_01" name="loginDDT" time="4.74">
    <failure type="junit.framework.AssertionFailedError">
      <![CDATA[junit.framework.AssertionFailedError
at junit.framework.Assert.fail(Assert.java:47)
at junit.framework.Assert.assertTrue(Assert.java:20)
at junit.framework.Assert.assertTrue(Assert.java:27)
at com.iNetBankingV1.testCases.loginPage_01.loginDDT(loginPage_01.java:32)
at java.base/java.util.ArrayList.forEach(ArrayList.java:1511)
... Removed 27 stack frames]]>
    </failure>
  </testcase> <!-- loginDDT -->
  <testcase classname="com.iNetBankingV1.testCases.loginPage_01" name="loginDDT" time="5.001">
    <failure type="junit.framework.AssertionFailedError">
      <![CDATA[junit.framework.AssertionFailedError
at junit.framework.Assert.fail(Assert.java:47)
at junit.framework.Assert.assertTrue(Assert.java:20)
at junit.framework.Assert.assertTrue(Assert.java:27)
at com.iNetBankingV1.testCases.loginPage_01.loginDDT(loginPage_01.java:32)
at java.base/java.util.ArrayList.forEach(ArrayList.java:1511)
... Removed 27 stack frames]]>
    </failure>
  </testcase> <!-- loginDDT -->
  <testcase classname="com.iNetBankingV1.testCases.loginPage_01" name="loginDDT" time="4.779">
    <failure type="junit.framework.AssertionFailedError">
      <![CDATA[junit.framework.AssertionFailedError
at junit.framework.Assert.fail(Assert.java:47)
at junit.framework.Assert.assertTrue(Assert.java:20)
at junit.framework.Assert.assertTrue(Assert.java:27)
at com.iNetBankingV1.testCases.loginPage_01.loginDDT(loginPage_01.java:32)
at java.base/java.util.ArrayList.forEach(ArrayList.java:1511)
... Removed 27 stack frames]]>
    </failure>
  </testcase> <!-- loginDDT -->
  <testcase classname="com.iNetBankingV1.testCases.AddCustomerTest" name="addNewCustomer" time="14.91"/>
</testsuite> <!-- BankingApp Test -->
